Using pre-set license
Built from '2020.3/staging' branch; Version is '2020.3.3f1 (76626098c1c4) revision 7758432'; Using compiler version '192528614'; Build Type 'Release'
OS: 'Windows 10 Pro; OS build 19043.1466; Version 2009; 64bit' Language: 'uk' Physical Memory: 16187 MB
BatchMode: 1, IsHumanControllingUs: 0, StartBugReporterOnCrash: 0, Is64bit: 1, IsPro: 0

 COMMAND LINE ARGUMENTS:
X:\Progs\PROGPAMMING projects\Unity proj\2020.3.3f1\Editor\Unity.exe
-adb2
-batchMode
-noUpm
-name
AssetImportWorker0
-projectPath
X:/Progs/PROGPAMMING projects/Unity proj/Projects/Shooter
-logFile
Logs/AssetImportWorker0.log
-srvPort
61178
Successfully changed project path to: X:/Progs/PROGPAMMING projects/Unity proj/Projects/Shooter
X:/Progs/PROGPAMMING projects/Unity proj/Projects/Shooter
Using Asset Import Pipeline V2.
Refreshing native plugins compatible for Editor in 46.01 ms, found 0 plugins.
Preloading 0 native plugins for Editor in 0.00 ms.
Initialize engine version: 2020.3.3f1 (76626098c1c4)
[Subsystems] Discovering subsystems at path X:/Progs/PROGPAMMING projects/Unity proj/2020.3.3f1/Editor/Data/Resources/UnitySubsystems
[Subsystems] Discovering subsystems at path X:/Progs/PROGPAMMING projects/Unity proj/Projects/Shooter/Assets
GfxDevice: creating device client; threaded=0
Direct3D:
    Version:  Direct3D 11.0 [level 11.1]
    Renderer: NVIDIA GeForce GTX 1660 Ti (ID=0x2191)
    Vendor:   
    VRAM:     5991 MB
    Driver:   30.0.14.9649
Initialize mono
Mono path[0] = 'X:/Progs/PROGPAMMING projects/Unity proj/2020.3.3f1/Editor/Data/Managed'
Mono path[1] = 'X:/Progs/PROGPAMMING projects/Unity proj/2020.3.3f1/Editor/Data/MonoBleedingEdge/lib/mono/unityjit'
Mono config path = 'X:/Progs/PROGPAMMING projects/Unity proj/2020.3.3f1/Editor/Data/MonoBleedingEdge/etc'
Using monoOptions --debugger-agent=transport=dt_socket,embedding=1,server=y,suspend=n,address=127.0.0.1:56076
Begin MonoManager ReloadAssembly
Registering precompiled unity dll's ...
Register platform support module: X:/Progs/PROGPAMMING projects/Unity proj/2020.3.3f1/Editor/Data/PlaybackEngines/WebGLSupport/UnityEditor.WebGL.Extensions.dll
Register platform support module: X:/Progs/PROGPAMMING projects/Unity proj/2020.3.3f1/Editor/Data/PlaybackEngines/WindowsStandaloneSupport/UnityEditor.WindowsStandalone.Extensions.dll
Registered in 0.001687 seconds.
Native extension for WindowsStandalone target not found
Native extension for WebGL target not found
Refreshing native plugins compatible for Editor in 56.67 ms, found 0 plugins.
Preloading 0 native plugins for Editor in 0.00 ms.
Invoked RoslynAnalysisRunner static constructor.
RoslynAnalysisRunner will not be running.
RoslynAnalysisRunner has terminated.
Mono: successfully reloaded assembly
- Completed reload, in  3.231 seconds
Platform modules already initialized, skipping
Registering precompiled user dll's ...
Registered in 0.000814 seconds.
Begin MonoManager ReloadAssembly
Native extension for WindowsStandalone target not found
Native extension for WebGL target not found
Refreshing native plugins compatible for Editor in 55.20 ms, found 0 plugins.
Preloading 0 native plugins for Editor in 0.00 ms.
Invoked RoslynAnalysisRunner static constructor.
RoslynAnalysisRunner will not be running.
RoslynAnalysisRunner has terminated.
Mono: successfully reloaded assembly
- Completed reload, in  1.327 seconds
Platform modules already initialized, skipping
========================================================================
Worker process is ready to serve import requests
Launched and connected shader compiler UnityShaderCompiler.exe after 0.09 seconds
Refreshing native plugins compatible for Editor in 0.40 ms, found 0 plugins.
Preloading 0 native plugins for Editor in 0.00 ms.
Unloading 1656 Unused Serialized files (Serialized files now loaded: 0)
System memory in use before: 157.4 MB.
System memory in use after: 157.2 MB.

Unloading 13 unused Assets to reduce memory usage. Loaded Objects now: 2115.
Total: 3.639700 ms (FindLiveObjects: 0.597800 ms CreateObjectMapping: 0.180700 ms MarkObjects: 2.680700 ms  DeleteObjects: 0.177600 ms)

========================================================================
Received Import Request.
  path: Assets/Samples/Cinemachine/2.6.11/Cinemachine Example Scenes/Scenes/AimingRig/AimingRig.unity
  artifactKey: Guid(8ad62c20b502850419e9fbe043d2d6f8) Importer(815301076,1909f56bfc062723c751e8b465ee728b)
Start importing Assets/Samples/Cinemachine/2.6.11/Cinemachine Example Scenes/Scenes/AimingRig/AimingRig.unity using Guid(8ad62c20b502850419e9fbe043d2d6f8) Importer(815301076,1909f56bfc062723c751e8b465ee728b)  -> (artifact id: 'c1d62d87b1f593e65e920d2c46de2be1') in 0.027119 seconds
  Import took 0.032702 seconds .

========================================================================
Received Import Request.
  Time since last request: 2.290092 seconds.
  path: Assets/Samples/Cinemachine/2.6.11/Cinemachine Example Scenes/Scenes/AimingRig/AimingRig.unity
  artifactKey: Guid(8ad62c20b502850419e9fbe043d2d6f8) Importer(815301076,1909f56bfc062723c751e8b465ee728b)
Start importing Assets/Samples/Cinemachine/2.6.11/Cinemachine Example Scenes/Scenes/AimingRig/AimingRig.unity using Guid(8ad62c20b502850419e9fbe043d2d6f8) Importer(815301076,1909f56bfc062723c751e8b465ee728b)  -> (artifact id: 'c1d62d87b1f593e65e920d2c46de2be1') in 0.006120 seconds
  Import took 0.010577 seconds .

========================================================================
Received Prepare
Registering precompiled user dll's ...
Registered in 0.001330 seconds.
Begin MonoManager ReloadAssembly
Native extension for WindowsStandalone target not found
Native extension for WebGL target not found
Refreshing native plugins compatible for Editor in 0.59 ms, found 0 plugins.
Preloading 0 native plugins for Editor in 0.00 ms.
Invoked RoslynAnalysisRunner static constructor.
RoslynAnalysisRunner will not be running.
RoslynAnalysisRunner has terminated.
Mono: successfully reloaded assembly
- Completed reload, in  1.118 seconds
Platform modules already initialized, skipping
Refreshing native plugins compatible for Editor in 0.56 ms, found 0 plugins.
Preloading 0 native plugins for Editor in 0.00 ms.
Unloading 1638 Unused Serialized files (Serialized files now loaded: 0)
System memory in use before: 155.9 MB.
System memory in use after: 156.0 MB.

Unloading 6 unused Assets to reduce memory usage. Loaded Objects now: 2117.
Total: 3.855100 ms (FindLiveObjects: 0.895800 ms CreateObjectMapping: 0.345800 ms MarkObjects: 2.471100 ms  DeleteObjects: 0.137800 ms)

========================================================================
Received Import Request.
  Time since last request: 142.319500 seconds.
  path: Assets/Samples/Cinemachine/2.6.11/Cinemachine Example Scenes/Scenes/CameraMagnets/CameraMagnets.unity
  artifactKey: Guid(82050a5e658e54977b6df11e26b6990f) Importer(815301076,1909f56bfc062723c751e8b465ee728b)
Start importing Assets/Samples/Cinemachine/2.6.11/Cinemachine Example Scenes/Scenes/CameraMagnets/CameraMagnets.unity using Guid(82050a5e658e54977b6df11e26b6990f) Importer(815301076,1909f56bfc062723c751e8b465ee728b)  -> (artifact id: '2c9740fb5ce0a86a31ae2e0c322de12f') in 0.036135 seconds
  Import took 0.040748 seconds .

========================================================================
Received Prepare
Registering precompiled user dll's ...
Registered in 0.002249 seconds.
Begin MonoManager ReloadAssembly
Native extension for WindowsStandalone target not found
Native extension for WebGL target not found
Refreshing native plugins compatible for Editor in 0.38 ms, found 0 plugins.
Preloading 0 native plugins for Editor in 0.00 ms.
Invoked RoslynAnalysisRunner static constructor.
RoslynAnalysisRunner will not be running.
RoslynAnalysisRunner has terminated.
Mono: successfully reloaded assembly
- Completed reload, in  1.267 seconds
Platform modules already initialized, skipping
Refreshing native plugins compatible for Editor in 0.38 ms, found 0 plugins.
Preloading 0 native plugins for Editor in 0.00 ms.
Unloading 1638 Unused Serialized files (Serialized files now loaded: 0)
System memory in use before: 155.9 MB.
System memory in use after: 156.0 MB.

Unloading 6 unused Assets to reduce memory usage. Loaded Objects now: 2119.
Total: 2.630500 ms (FindLiveObjects: 0.285700 ms CreateObjectMapping: 0.049300 ms MarkObjects: 2.153200 ms  DeleteObjects: 0.139800 ms)

========================================================================
Received Prepare
Registering precompiled user dll's ...
Registered in 0.001629 seconds.
Begin MonoManager ReloadAssembly
Native extension for WindowsStandalone target not found
Native extension for WebGL target not found
Refreshing native plugins compatible for Editor in 0.44 ms, found 0 plugins.
Preloading 0 native plugins for Editor in 0.00 ms.
Invoked RoslynAnalysisRunner static constructor.
RoslynAnalysisRunner will not be running.
RoslynAnalysisRunner has terminated.
Mono: successfully reloaded assembly
- Completed reload, in  1.110 seconds
Platform modules already initialized, skipping
Refreshing native plugins compatible for Editor in 0.41 ms, found 0 plugins.
Preloading 0 native plugins for Editor in 0.00 ms.
Unloading 1638 Unused Serialized files (Serialized files now loaded: 0)
System memory in use before: 156.0 MB.
System memory in use after: 156.0 MB.

Unloading 6 unused Assets to reduce memory usage. Loaded Objects now: 2121.
Total: 2.699200 ms (FindLiveObjects: 0.225000 ms CreateObjectMapping: 0.043300 ms MarkObjects: 2.281500 ms  DeleteObjects: 0.148200 ms)

========================================================================
Received Prepare
Registering precompiled user dll's ...
Registered in 0.301092 seconds.
Begin MonoManager ReloadAssembly
Native extension for WindowsStandalone target not found
Native extension for WebGL target not found
Refreshing native plugins compatible for Editor in 0.98 ms, found 0 plugins.
Preloading 0 native plugins for Editor in 0.00 ms.
Invoked RoslynAnalysisRunner static constructor.
RoslynAnalysisRunner will not be running.
RoslynAnalysisRunner has terminated.
Mono: successfully reloaded assembly
- Completed reload, in 17.930 seconds
Platform modules already initialized, skipping
Refreshing native plugins compatible for Editor in 2.13 ms, found 0 plugins.
Preloading 0 native plugins for Editor in 0.00 ms.
Unloading 1638 Unused Serialized files (Serialized files now loaded: 0)
System memory in use before: 156.0 MB.
System memory in use after: 156.1 MB.

Unloading 6 unused Assets to reduce memory usage. Loaded Objects now: 2123.
Total: 8.929100 ms (FindLiveObjects: 1.275200 ms CreateObjectMapping: 0.344900 ms MarkObjects: 6.355900 ms  DeleteObjects: 0.947600 ms)

AssetImportWorkerClient::OnTransportError - code=2 error=End of file
